2025-06-01 18:15:44,275 - INFO - V_normal: 104816.22133693077, V_obs: 205.69070575040539, V_knockout: 109816.22133693077
2025-06-01 18:15:44,763 - INFO - 图像已保存至: C:\Users\Administrator\Desktop\structured-1400\Day002-Credit-Triggered-Note\ctn_pricing_visualization.png
2025-06-01 18:20:44,915 - INFO - V_normal: 104816.22133693077, V_obs: 205.69070575040539, V_knockout: 109816.22133693077
2025-06-01 18:20:45,365 - INFO - 图像已保存至: C:\Users\Administrator\Desktop\structured-1400\Day002-Credit-Triggered-Note\ctn_pricing_visualization.png
2025-06-01 18:25:47,706 - INFO - V_normal: 104816.22133693077, V_obs: 205.69070575040539, V_knockout: 109816.22133693077
2025-06-01 18:25:48,162 - INFO - 图像已保存至: c:\Users\Administrator\Desktop\structured-1400\Day002-Credit-Triggered-Note\ctn_pricing_visualization.png
2025-06-01 18:25:51,509 - INFO - HTML报告已生成: c:\Users\Administrator\Desktop\structured-1400\Day002-Credit-Triggered-Note\pricing_report.html
2025-06-01 18:25:51,512 - INFO - V_normal: 106859.14526776093, V_obs: 205.69070575040539, V_knockout: 110000.00000000001
2025-06-01 18:25:51,512 - INFO - V_normal: 105832.6526146242, V_obs: 205.69070575040539, V_knockout: 110000.00000000001
2025-06-01 18:25:51,513 - INFO - V_normal: 104816.22133693077, V_obs: 205.69070575040539, V_knockout: 109816.22133693077
2025-06-01 18:25:51,513 - INFO - V_normal: 103809.75207984718, V_obs: 205.69070575040539, V_knockout: 108809.75207984718
2025-06-01 18:25:51,513 - INFO - V_normal: 102813.1464728058, V_obs: 205.69070575040539, V_knockout: 107813.1464728058
2025-06-01 18:25:51,514 - INFO - V_normal: 104816.22133693077, V_obs: 205.69070575040539, V_knockout: 107816.22133693077
2025-06-01 18:25:51,514 - INFO - V_normal: 104816.22133693077, V_obs: 205.69070575040539, V_knockout: 108816.22133693077
2025-06-01 18:25:51,514 - INFO - V_normal: 104816.22133693077, V_obs: 205.69070575040539, V_knockout: 109816.22133693077
2025-06-01 18:25:51,514 - INFO - V_normal: 104816.22133693077, V_obs: 205.69070575040539, V_knockout: 110000.00000000001
2025-06-01 18:25:51,514 - INFO - V_normal: 104816.22133693077, V_obs: 205.69070575040539, V_knockout: 110000.00000000001
2025-06-01 18:26:28,605 - INFO - V_normal: 104816.22133693077, V_obs: 205.69070575040539, V_knockout: 109816.22133693077
2025-06-01 18:26:29,205 - INFO - 图像已保存至: C:\Users\Administrator\Desktop\structured-1400\Day002-Credit-Triggered-Note\ctn_pricing_visualization.png
2025-06-01 18:26:31,619 - INFO - HTML报告已生成: C:\Users\Administrator\Desktop\structured-1400\Day002-Credit-Triggered-Note\pricing_report.html
2025-06-01 18:26:31,620 - INFO - V_normal: 106859.14526776093, V_obs: 205.69070575040539, V_knockout: 110000.00000000001
2025-06-01 18:26:31,620 - INFO - V_normal: 105832.6526146242, V_obs: 205.69070575040539, V_knockout: 110000.00000000001
2025-06-01 18:26:31,620 - INFO - V_normal: 104816.22133693077, V_obs: 205.69070575040539, V_knockout: 109816.22133693077
2025-06-01 18:26:31,621 - INFO - V_normal: 103809.75207984718, V_obs: 205.69070575040539, V_knockout: 108809.75207984718
2025-06-01 18:26:31,621 - INFO - V_normal: 102813.1464728058, V_obs: 205.69070575040539, V_knockout: 107813.1464728058
2025-06-01 18:26:31,621 - INFO - V_normal: 104816.22133693077, V_obs: 205.69070575040539, V_knockout: 107816.22133693077
2025-06-01 18:26:31,621 - INFO - V_normal: 104816.22133693077, V_obs: 205.69070575040539, V_knockout: 108816.22133693077
2025-06-01 18:26:31,621 - INFO - V_normal: 104816.22133693077, V_obs: 205.69070575040539, V_knockout: 109816.22133693077
2025-06-01 18:26:31,621 - INFO - V_normal: 104816.22133693077, V_obs: 205.69070575040539, V_knockout: 110000.00000000001
2025-06-01 18:26:31,622 - INFO - V_normal: 104816.22133693077, V_obs: 205.69070575040539, V_knockout: 110000.00000000001
