2025-06-01 19:17:11,076 - INFO - 开始模拟多角套汇和远期货币交换...
2025-06-01 19:17:11,077 - INFO - 模拟参数: num_simulations=10000, simulation_days=30, currencies=['USD', 'JPY', 'CNY', 'GBP', 'EUR']
2025-06-01 19:17:15,679 - INFO - 开始模拟多角套汇和远期货币交换...
2025-06-01 19:17:15,679 - INFO - 模拟参数: num_simulations=10000, simulation_days=30, currencies=['USD', 'JPY', 'CNY', 'GBP', 'EUR']
2025-06-01 19:17:15,766 - INFO - 开始模拟多角套汇和远期货币交换...
2025-06-01 19:17:15,766 - INFO - 模拟参数: num_simulations=10000, simulation_days=30, currencies=['USD', 'JPY', 'CNY', 'GBP', 'EUR']
2025-06-01 19:17:15,941 - INFO - 开始模拟多角套汇和远期货币交换...
2025-06-01 19:17:15,941 - INFO - 模拟参数: num_simulations=10000, simulation_days=30, currencies=['USD', 'JPY', 'CNY', 'GBP', 'EUR']
2025-06-01 19:17:16,037 - INFO - 开始模拟多角套汇和远期货币交换...
2025-06-01 19:17:16,037 - INFO - 模拟参数: num_simulations=10000, simulation_days=30, currencies=['USD', 'JPY', 'CNY', 'GBP', 'EUR']
2025-06-01 19:17:16,377 - INFO - 开始模拟多角套汇和远期货币交换...
2025-06-01 19:17:16,378 - INFO - 模拟参数: num_simulations=10000, simulation_days=30, currencies=['USD', 'JPY', 'CNY', 'GBP', 'EUR']
2025-06-01 19:17:16,528 - INFO - 开始模拟多角套汇和远期货币交换...
2025-06-01 19:17:16,529 - INFO - 模拟参数: num_simulations=10000, simulation_days=30, currencies=['USD', 'JPY', 'CNY', 'GBP', 'EUR']
2025-06-01 19:17:16,654 - INFO - 开始模拟多角套汇和远期货币交换...
2025-06-01 19:17:16,654 - INFO - 模拟参数: num_simulations=10000, simulation_days=30, currencies=['USD', 'JPY', 'CNY', 'GBP', 'EUR']
2025-06-01 19:17:16,738 - INFO - 开始模拟多角套汇和远期货币交换...
2025-06-01 19:17:16,738 - INFO - 模拟参数: num_simulations=10000, simulation_days=30, currencies=['USD', 'JPY', 'CNY', 'GBP', 'EUR']
2025-06-01 19:17:17,304 - INFO - 开始模拟多角套汇和远期货币交换...
2025-06-01 19:17:17,305 - INFO - 模拟参数: num_simulations=10000, simulation_days=30, currencies=['USD', 'JPY', 'CNY', 'GBP', 'EUR']
2025-06-01 19:17:17,666 - INFO - 开始模拟多角套汇和远期货币交换...
2025-06-01 19:17:17,666 - INFO - 模拟参数: num_simulations=10000, simulation_days=30, currencies=['USD', 'JPY', 'CNY', 'GBP', 'EUR']
2025-06-01 19:17:17,743 - INFO - 开始模拟多角套汇和远期货币交换...
2025-06-01 19:17:17,743 - INFO - 模拟参数: num_simulations=10000, simulation_days=30, currencies=['USD', 'JPY', 'CNY', 'GBP', 'EUR']
2025-06-01 19:17:17,773 - INFO - 开始模拟多角套汇和远期货币交换...
2025-06-01 19:17:17,773 - INFO - 模拟参数: num_simulations=10000, simulation_days=30, currencies=['USD', 'JPY', 'CNY', 'GBP', 'EUR']
2025-06-01 19:17:17,897 - INFO - 开始模拟多角套汇和远期货币交换...
2025-06-01 19:17:17,897 - INFO - 模拟参数: num_simulations=10000, simulation_days=30, currencies=['USD', 'JPY', 'CNY', 'GBP', 'EUR']
2025-06-01 19:17:17,996 - INFO - 开始模拟多角套汇和远期货币交换...
2025-06-01 19:17:17,996 - INFO - 模拟参数: num_simulations=10000, simulation_days=30, currencies=['USD', 'JPY', 'CNY', 'GBP', 'EUR']
2025-06-01 19:17:18,266 - INFO - 开始模拟多角套汇和远期货币交换...
2025-06-01 19:17:18,267 - INFO - 模拟参数: num_simulations=10000, simulation_days=30, currencies=['USD', 'JPY', 'CNY', 'GBP', 'EUR']
2025-06-01 19:17:18,381 - INFO - 开始模拟多角套汇和远期货币交换...
2025-06-01 19:17:18,382 - INFO - 模拟参数: num_simulations=10000, simulation_days=30, currencies=['USD', 'JPY', 'CNY', 'GBP', 'EUR']
2025-06-01 19:17:36,969 - INFO - 开始模拟多角套汇和远期货币交换...
2025-06-01 19:17:36,970 - INFO - 模拟参数: num_simulations=10000, simulation_days=30, currencies=['USD', 'JPY', 'CNY', 'GBP', 'EUR']
2025-06-01 19:17:41,855 - INFO - 开始模拟多角套汇和远期货币交换...
2025-06-01 19:17:41,855 - INFO - 模拟参数: num_simulations=10000, simulation_days=30, currencies=['USD', 'JPY', 'CNY', 'GBP', 'EUR']
2025-06-01 19:17:41,961 - INFO - 开始模拟多角套汇和远期货币交换...
2025-06-01 19:17:41,961 - INFO - 模拟参数: num_simulations=10000, simulation_days=30, currencies=['USD', 'JPY', 'CNY', 'GBP', 'EUR']
2025-06-01 19:17:42,116 - INFO - 开始模拟多角套汇和远期货币交换...
2025-06-01 19:17:42,117 - INFO - 模拟参数: num_simulations=10000, simulation_days=30, currencies=['USD', 'JPY', 'CNY', 'GBP', 'EUR']
2025-06-01 19:17:42,157 - INFO - 开始模拟多角套汇和远期货币交换...
2025-06-01 19:17:42,159 - INFO - 模拟参数: num_simulations=10000, simulation_days=30, currencies=['USD', 'JPY', 'CNY', 'GBP', 'EUR']
2025-06-01 19:17:42,342 - INFO - 开始模拟多角套汇和远期货币交换...
2025-06-01 19:17:42,344 - INFO - 模拟参数: num_simulations=10000, simulation_days=30, currencies=['USD', 'JPY', 'CNY', 'GBP', 'EUR']
2025-06-01 19:17:42,558 - INFO - 开始模拟多角套汇和远期货币交换...
2025-06-01 19:17:42,558 - INFO - 模拟参数: num_simulations=10000, simulation_days=30, currencies=['USD', 'JPY', 'CNY', 'GBP', 'EUR']
2025-06-01 19:17:42,855 - INFO - 开始模拟多角套汇和远期货币交换...
2025-06-01 19:17:42,857 - INFO - 模拟参数: num_simulations=10000, simulation_days=30, currencies=['USD', 'JPY', 'CNY', 'GBP', 'EUR']
2025-06-01 19:17:42,976 - INFO - 开始模拟多角套汇和远期货币交换...
2025-06-01 19:17:42,976 - INFO - 模拟参数: num_simulations=10000, simulation_days=30, currencies=['USD', 'JPY', 'CNY', 'GBP', 'EUR']
2025-06-01 19:17:43,253 - INFO - 开始模拟多角套汇和远期货币交换...
2025-06-01 19:17:43,253 - INFO - 模拟参数: num_simulations=10000, simulation_days=30, currencies=['USD', 'JPY', 'CNY', 'GBP', 'EUR']
2025-06-01 19:17:43,256 - INFO - 开始模拟多角套汇和远期货币交换...
2025-06-01 19:17:43,256 - INFO - 模拟参数: num_simulations=10000, simulation_days=30, currencies=['USD', 'JPY', 'CNY', 'GBP', 'EUR']
2025-06-01 19:17:43,542 - INFO - 开始模拟多角套汇和远期货币交换...
2025-06-01 19:17:43,544 - INFO - 模拟参数: num_simulations=10000, simulation_days=30, currencies=['USD', 'JPY', 'CNY', 'GBP', 'EUR']
2025-06-01 19:17:43,660 - INFO - 开始模拟多角套汇和远期货币交换...
2025-06-01 19:17:43,660 - INFO - 模拟参数: num_simulations=10000, simulation_days=30, currencies=['USD', 'JPY', 'CNY', 'GBP', 'EUR']
2025-06-01 19:17:43,835 - INFO - 开始模拟多角套汇和远期货币交换...
2025-06-01 19:17:43,835 - INFO - 模拟参数: num_simulations=10000, simulation_days=30, currencies=['USD', 'JPY', 'CNY', 'GBP', 'EUR']
2025-06-01 19:17:43,911 - INFO - 开始模拟多角套汇和远期货币交换...
2025-06-01 19:17:43,911 - INFO - 模拟参数: num_simulations=10000, simulation_days=30, currencies=['USD', 'JPY', 'CNY', 'GBP', 'EUR']
2025-06-01 19:17:43,950 - INFO - 开始模拟多角套汇和远期货币交换...
2025-06-01 19:17:43,951 - INFO - 模拟参数: num_simulations=10000, simulation_days=30, currencies=['USD', 'JPY', 'CNY', 'GBP', 'EUR']
2025-06-01 19:17:44,147 - INFO - 开始模拟多角套汇和远期货币交换...
2025-06-01 19:17:44,148 - INFO - 模拟参数: num_simulations=10000, simulation_days=30, currencies=['USD', 'JPY', 'CNY', 'GBP', 'EUR']
2025-06-01 19:20:38,713 - INFO - 开始模拟多角套汇和远期货币交换...
2025-06-01 19:20:38,714 - INFO - 模拟参数: num_simulations=10000, simulation_days=30, currencies=['USD', 'JPY', 'CNY', 'GBP', 'EUR']
2025-06-01 19:20:46,810 - INFO - 模拟完成！
2025-06-01 19:20:46,810 - INFO - 总共模拟了 10000 条路径
2025-06-01 19:20:46,810 - INFO - 触发率: 94.88%
2025-06-01 19:20:46,810 - INFO - 平均持有期: 30.00 天
2025-06-01 19:20:46,810 - INFO - 平均最大收益: 280.4116
2025-06-01 19:20:46,810 - INFO - CSV保存到: c:\Users\Administrator\Desktop\structured-1400\pricingresult.csv
2025-06-01 19:20:46,810 - INFO - 图表保存到: c:\Users\Administrator\Desktop\structured-1400\Day004-VolTriggered-Arbitrage-Swap\simulation_charts
